<?xml version="1.0" encoding="UTF-8"?>
<testsuite xmlns:xsi="http://www.w3.org/2001/XMLSchema-instance" xsi:noNamespaceSchemaLocation="https://maven.apache.org/surefire/maven-surefire-plugin/xsd/surefire-test-report.xsd" version="3.0.2" name="uno.zhuchen.echonotejava.EchoNoteJavaApplicationTests" time="5.741" tests="1" errors="0" skipped="0" failures="0">
  <properties>
[...]
</properties>
  <testcase name="contextLoads" classname="uno.zhuchen.echonotejava.EchoNoteJavaApplicationTests" time="1.105">
    <system-out><![CDATA[16:21:58.073 [main] INFO org.springframework.test.context.support.AnnotationConfigContextLoaderUtils -- Could not detect default configuration classes for test class [uno.zhuchen.echonotejava.EchoNoteJavaApplicationTests]: EchoNoteJavaApplicationTests does not declare any static, non-private, non-final, nested classes annotated with @Configuration.
16:21:58.186 [main] INFO org.springframework.boot.test.context.SpringBootTestContextBootstrapper -- Found @SpringBootConfiguration uno.zhuchen.echonotejava.EchoNoteJavaApplication for test class uno.zhuchen.echonotejava.EchoNoteJavaApplicationTests

  .   ____          _            __ _ _
 /\\ / ___'_ __ _ _(_)_ __  __ _ \ \ \ \
( ( )\___ | '_ | '_| | '_ \/ _` | \ \ \ \
 \\/  ___)| |_)| | | | | || (_| |  ) ) ) )
  '  |____| .__|_| |_|_| |_\__, | / / / /
 =========|_|==============|___/=/_/_/_/

 :: Spring Boot ::                (v3.5.4)

2025-08-30T16:21:58.709+08:00  INFO 3168 --- [SpringSecurity] [           main] u.z.e.EchoNoteJavaApplicationTests       : Starting EchoNoteJavaApplicationTests using Java 17.0.16 with PID 3168 (started by lenovo in D:\项目\EchoNote\EchoNote-JAVA)
2025-08-30T16:21:58.711+08:00  INFO 3168 --- [SpringSecurity] [           main] u.z.e.EchoNoteJavaApplicationTests       : No active profile set, falling back to 1 default profile: "default"
Logging initialized using 'class org.apache.ibatis.logging.stdout.StdOutImpl' adapter.
2025-08-30T16:22:01.061+08:00  INFO 3168 --- [SpringSecurity] [           main] r$InitializeUserDetailsManagerConfigurer : Global AuthenticationManager configured with UserDetailsService bean with name userDetailsServiceImpl
2025-08-30T16:22:02.520+08:00  INFO 3168 --- [SpringSecurity] [           main] u.z.e.EchoNoteJavaApplicationTests       : Started EchoNoteJavaApplicationTests in 4.16 seconds (process running for 5.129)
]]></system-out>
  </testcase>
</testsuite>